[09-Mar-2025 21:25:38 Europe/Berlin] PHP Warning:  require_once(model/AdminManager.php): Failed to open stream: No such file or directory in C:\xampp\htdocs\projetweb-test\controller\BackofficeController.php on line 4
[09-Mar-2025 21:25:38 Europe/Berlin] PHP Fatal error:  Uncaught Error: Failed opening required 'model/AdminManager.php' (include_path='C:\xampp\php\PEAR') in C:\xampp\htdocs\projetweb-test\controller\BackofficeController.php:4
Stack trace:
#0 C:\xampp\htdocs\projetweb-test\index.php(12): require_once()
#1 {main}
  thrown in C:\xampp\htdocs\projetweb-test\controller\BackofficeController.php on line 4
[09-Mar-2025 21:25:50 Europe/Berlin] PHP Warning:  require_once(model/AdminManager.php): Failed to open stream: No such file or directory in C:\xampp\htdocs\projetweb-test\controller\BackofficeController.php on line 4
[09-Mar-2025 21:25:50 Europe/Berlin] PHP Fatal error:  Uncaught Error: Failed opening required 'model/AdminManager.php' (include_path='C:\xampp\php\PEAR') in C:\xampp\htdocs\projetweb-test\controller\BackofficeController.php:4
Stack trace:
#0 C:\xampp\htdocs\projetweb-test\index.php(12): require_once()
#1 {main}
  thrown in C:\xampp\htdocs\projetweb-test\controller\BackofficeController.php on line 4
[09-Mar-2025 21:25:51 Europe/Berlin] PHP Warning:  require_once(model/AdminManager.php): Failed to open stream: No such file or directory in C:\xampp\htdocs\projetweb-test\controller\BackofficeController.php on line 4
[09-Mar-2025 21:25:51 Europe/Berlin] PHP Fatal error:  Uncaught Error: Failed opening required 'model/AdminManager.php' (include_path='C:\xampp\php\PEAR') in C:\xampp\htdocs\projetweb-test\controller\BackofficeController.php:4
Stack trace:
#0 C:\xampp\htdocs\projetweb-test\index.php(12): require_once()
#1 {main}
  thrown in C:\xampp\htdocs\projetweb-test\controller\BackofficeController.php on line 4
[09-Mar-2025 21:25:51 Europe/Berlin] PHP Warning:  require_once(model/AdminManager.php): Failed to open stream: No such file or directory in C:\xampp\htdocs\projetweb-test\controller\BackofficeController.php on line 4
[09-Mar-2025 21:25:51 Europe/Berlin] PHP Fatal error:  Uncaught Error: Failed opening required 'model/AdminManager.php' (include_path='C:\xampp\php\PEAR') in C:\xampp\htdocs\projetweb-test\controller\BackofficeController.php:4
Stack trace:
#0 C:\xampp\htdocs\projetweb-test\index.php(12): require_once()
#1 {main}
  thrown in C:\xampp\htdocs\projetweb-test\controller\BackofficeController.php on line 4
[09-Mar-2025 21:25:51 Europe/Berlin] PHP Warning:  require_once(model/AdminManager.php): Failed to open stream: No such file or directory in C:\xampp\htdocs\projetweb-test\controller\BackofficeController.php on line 4
[09-Mar-2025 21:25:51 Europe/Berlin] PHP Fatal error:  Uncaught Error: Failed opening required 'model/AdminManager.php' (include_path='C:\xampp\php\PEAR') in C:\xampp\htdocs\projetweb-test\controller\BackofficeController.php:4
Stack trace:
#0 C:\xampp\htdocs\projetweb-test\index.php(12): require_once()
#1 {main}
  thrown in C:\xampp\htdocs\projetweb-test\controller\BackofficeController.php on line 4
[09-Mar-2025 21:25:51 Europe/Berlin] PHP Warning:  require_once(model/AdminManager.php): Failed to open stream: No such file or directory in C:\xampp\htdocs\projetweb-test\controller\BackofficeController.php on line 4
[09-Mar-2025 21:25:51 Europe/Berlin] PHP Fatal error:  Uncaught Error: Failed opening required 'model/AdminManager.php' (include_path='C:\xampp\php\PEAR') in C:\xampp\htdocs\projetweb-test\controller\BackofficeController.php:4
Stack trace:
#0 C:\xampp\htdocs\projetweb-test\index.php(12): require_once()
#1 {main}
  thrown in C:\xampp\htdocs\projetweb-test\controller\BackofficeController.php on line 4
[09-Mar-2025 21:25:56 Europe/Berlin] PHP Warning:  require_once(model/AdminManager.php): Failed to open stream: No such file or directory in C:\xampp\htdocs\projetweb-test\controller\BackofficeController.php on line 4
[09-Mar-2025 21:25:56 Europe/Berlin] PHP Fatal error:  Uncaught Error: Failed opening required 'model/AdminManager.php' (include_path='C:\xampp\php\PEAR') in C:\xampp\htdocs\projetweb-test\controller\BackofficeController.php:4
Stack trace:
#0 C:\xampp\htdocs\projetweb-test\index.php(12): require_once()
#1 {main}
  thrown in C:\xampp\htdocs\projetweb-test\controller\BackofficeController.php on line 4
[09-Mar-2025 21:25:57 Europe/Berlin] PHP Warning:  require_once(model/AdminManager.php): Failed to open stream: No such file or directory in C:\xampp\htdocs\projetweb-test\controller\BackofficeController.php on line 4
[09-Mar-2025 21:25:57 Europe/Berlin] PHP Fatal error:  Uncaught Error: Failed opening required 'model/AdminManager.php' (include_path='C:\xampp\php\PEAR') in C:\xampp\htdocs\projetweb-test\controller\BackofficeController.php:4
Stack trace:
#0 C:\xampp\htdocs\projetweb-test\index.php(12): require_once()
#1 {main}
  thrown in C:\xampp\htdocs\projetweb-test\controller\BackofficeController.php on line 4
[09-Mar-2025 21:25:57 Europe/Berlin] PHP Warning:  require_once(model/AdminManager.php): Failed to open stream: No such file or directory in C:\xampp\htdocs\projetweb-test\controller\BackofficeController.php on line 4
[09-Mar-2025 21:25:57 Europe/Berlin] PHP Fatal error:  Uncaught Error: Failed opening required 'model/AdminManager.php' (include_path='C:\xampp\php\PEAR') in C:\xampp\htdocs\projetweb-test\controller\BackofficeController.php:4
Stack trace:
#0 C:\xampp\htdocs\projetweb-test\index.php(12): require_once()
#1 {main}
  thrown in C:\xampp\htdocs\projetweb-test\controller\BackofficeController.php on line 4
[09-Mar-2025 21:28:19 Europe/Berlin] PHP Warning:  require_once(model/AdminManager.php): Failed to open stream: No such file or directory in C:\xampp\htdocs\projetweb-test\controller\BackofficeController.php on line 4
[09-Mar-2025 21:28:19 Europe/Berlin] PHP Fatal error:  Uncaught Error: Failed opening required 'model/AdminManager.php' (include_path='C:\xampp\php\PEAR') in C:\xampp\htdocs\projetweb-test\controller\BackofficeController.php:4
Stack trace:
#0 C:\xampp\htdocs\projetweb-test\index.php(18): require_once()
#1 {main}
  thrown in C:\xampp\htdocs\projetweb-test\controller\BackofficeController.php on line 4
[09-Mar-2025 21:28:20 Europe/Berlin] PHP Warning:  require_once(model/AdminManager.php): Failed to open stream: No such file or directory in C:\xampp\htdocs\projetweb-test\controller\BackofficeController.php on line 4
[09-Mar-2025 21:28:20 Europe/Berlin] PHP Fatal error:  Uncaught Error: Failed opening required 'model/AdminManager.php' (include_path='C:\xampp\php\PEAR') in C:\xampp\htdocs\projetweb-test\controller\BackofficeController.php:4
Stack trace:
#0 C:\xampp\htdocs\projetweb-test\index.php(18): require_once()
#1 {main}
  thrown in C:\xampp\htdocs\projetweb-test\controller\BackofficeController.php on line 4
[09-Mar-2025 21:28:21 Europe/Berlin] PHP Warning:  require_once(model/AdminManager.php): Failed to open stream: No such file or directory in C:\xampp\htdocs\projetweb-test\controller\BackofficeController.php on line 4
[09-Mar-2025 21:28:21 Europe/Berlin] PHP Fatal error:  Uncaught Error: Failed opening required 'model/AdminManager.php' (include_path='C:\xampp\php\PEAR') in C:\xampp\htdocs\projetweb-test\controller\BackofficeController.php:4
Stack trace:
#0 C:\xampp\htdocs\projetweb-test\index.php(18): require_once()
#1 {main}
  thrown in C:\xampp\htdocs\projetweb-test\controller\BackofficeController.php on line 4
[09-Mar-2025 21:28:21 Europe/Berlin] PHP Warning:  require_once(model/AdminManager.php): Failed to open stream: No such file or directory in C:\xampp\htdocs\projetweb-test\controller\BackofficeController.php on line 4
[09-Mar-2025 21:28:21 Europe/Berlin] PHP Fatal error:  Uncaught Error: Failed opening required 'model/AdminManager.php' (include_path='C:\xampp\php\PEAR') in C:\xampp\htdocs\projetweb-test\controller\BackofficeController.php:4
Stack trace:
#0 C:\xampp\htdocs\projetweb-test\index.php(18): require_once()
#1 {main}
  thrown in C:\xampp\htdocs\projetweb-test\controller\BackofficeController.php on line 4
[09-Mar-2025 21:28:21 Europe/Berlin] PHP Warning:  require_once(model/AdminManager.php): Failed to open stream: No such file or directory in C:\xampp\htdocs\projetweb-test\controller\BackofficeController.php on line 4
[09-Mar-2025 21:28:21 Europe/Berlin] PHP Fatal error:  Uncaught Error: Failed opening required 'model/AdminManager.php' (include_path='C:\xampp\php\PEAR') in C:\xampp\htdocs\projetweb-test\controller\BackofficeController.php:4
Stack trace:
#0 C:\xampp\htdocs\projetweb-test\index.php(18): require_once()
#1 {main}
  thrown in C:\xampp\htdocs\projetweb-test\controller\BackofficeController.php on line 4
[09-Mar-2025 21:28:21 Europe/Berlin] PHP Warning:  require_once(model/AdminManager.php): Failed to open stream: No such file or directory in C:\xampp\htdocs\projetweb-test\controller\BackofficeController.php on line 4
[09-Mar-2025 21:28:21 Europe/Berlin] PHP Fatal error:  Uncaught Error: Failed opening required 'model/AdminManager.php' (include_path='C:\xampp\php\PEAR') in C:\xampp\htdocs\projetweb-test\controller\BackofficeController.php:4
Stack trace:
#0 C:\xampp\htdocs\projetweb-test\index.php(18): require_once()
#1 {main}
  thrown in C:\xampp\htdocs\projetweb-test\controller\BackofficeController.php on line 4
[09-Mar-2025 21:28:21 Europe/Berlin] PHP Warning:  require_once(model/AdminManager.php): Failed to open stream: No such file or directory in C:\xampp\htdocs\projetweb-test\controller\BackofficeController.php on line 4
[09-Mar-2025 21:28:21 Europe/Berlin] PHP Fatal error:  Uncaught Error: Failed opening required 'model/AdminManager.php' (include_path='C:\xampp\php\PEAR') in C:\xampp\htdocs\projetweb-test\controller\BackofficeController.php:4
Stack trace:
#0 C:\xampp\htdocs\projetweb-test\index.php(18): require_once()
#1 {main}
  thrown in C:\xampp\htdocs\projetweb-test\controller\BackofficeController.php on line 4
[09-Mar-2025 21:28:22 Europe/Berlin] PHP Warning:  require_once(model/AdminManager.php): Failed to open stream: No such file or directory in C:\xampp\htdocs\projetweb-test\controller\BackofficeController.php on line 4
[09-Mar-2025 21:28:22 Europe/Berlin] PHP Fatal error:  Uncaught Error: Failed opening required 'model/AdminManager.php' (include_path='C:\xampp\php\PEAR') in C:\xampp\htdocs\projetweb-test\controller\BackofficeController.php:4
Stack trace:
#0 C:\xampp\htdocs\projetweb-test\index.php(18): require_once()
#1 {main}
  thrown in C:\xampp\htdocs\projetweb-test\controller\BackofficeController.php on line 4
[09-Mar-2025 21:28:38 Europe/Berlin] PHP Warning:  require_once(model/AdminManager.php): Failed to open stream: No such file or directory in C:\xampp\htdocs\projetweb-test\controller\BackofficeController.php on line 4
[09-Mar-2025 21:28:38 Europe/Berlin] PHP Fatal error:  Uncaught Error: Failed opening required 'model/AdminManager.php' (include_path='C:\xampp\php\PEAR') in C:\xampp\htdocs\projetweb-test\controller\BackofficeController.php:4
Stack trace:
#0 C:\xampp\htdocs\projetweb-test\index.php(18): require_once()
#1 {main}
  thrown in C:\xampp\htdocs\projetweb-test\controller\BackofficeController.php on line 4
[09-Mar-2025 21:28:39 Europe/Berlin] PHP Warning:  require_once(model/AdminManager.php): Failed to open stream: No such file or directory in C:\xampp\htdocs\projetweb-test\controller\BackofficeController.php on line 4
[09-Mar-2025 21:28:39 Europe/Berlin] PHP Fatal error:  Uncaught Error: Failed opening required 'model/AdminManager.php' (include_path='C:\xampp\php\PEAR') in C:\xampp\htdocs\projetweb-test\controller\BackofficeController.php:4
Stack trace:
#0 C:\xampp\htdocs\projetweb-test\index.php(18): require_once()
#1 {main}
  thrown in C:\xampp\htdocs\projetweb-test\controller\BackofficeController.php on line 4
[09-Mar-2025 21:28:39 Europe/Berlin] PHP Warning:  require_once(model/AdminManager.php): Failed to open stream: No such file or directory in C:\xampp\htdocs\projetweb-test\controller\BackofficeController.php on line 4
[09-Mar-2025 21:28:39 Europe/Berlin] PHP Fatal error:  Uncaught Error: Failed opening required 'model/AdminManager.php' (include_path='C:\xampp\php\PEAR') in C:\xampp\htdocs\projetweb-test\controller\BackofficeController.php:4
Stack trace:
#0 C:\xampp\htdocs\projetweb-test\index.php(18): require_once()
#1 {main}
  thrown in C:\xampp\htdocs\projetweb-test\controller\BackofficeController.php on line 4
[09-Mar-2025 21:28:39 Europe/Berlin] PHP Warning:  require_once(model/AdminManager.php): Failed to open stream: No such file or directory in C:\xampp\htdocs\projetweb-test\controller\BackofficeController.php on line 4
[09-Mar-2025 21:28:39 Europe/Berlin] PHP Fatal error:  Uncaught Error: Failed opening required 'model/AdminManager.php' (include_path='C:\xampp\php\PEAR') in C:\xampp\htdocs\projetweb-test\controller\BackofficeController.php:4
Stack trace:
#0 C:\xampp\htdocs\projetweb-test\index.php(18): require_once()
#1 {main}
  thrown in C:\xampp\htdocs\projetweb-test\controller\BackofficeController.php on line 4
[09-Mar-2025 21:28:40 Europe/Berlin] PHP Warning:  require_once(model/AdminManager.php): Failed to open stream: No such file or directory in C:\xampp\htdocs\projetweb-test\controller\BackofficeController.php on line 4
[09-Mar-2025 21:28:40 Europe/Berlin] PHP Fatal error:  Uncaught Error: Failed opening required 'model/AdminManager.php' (include_path='C:\xampp\php\PEAR') in C:\xampp\htdocs\projetweb-test\controller\BackofficeController.php:4
Stack trace:
#0 C:\xampp\htdocs\projetweb-test\index.php(18): require_once()
#1 {main}
  thrown in C:\xampp\htdocs\projetweb-test\controller\BackofficeController.php on line 4
[09-Mar-2025 21:28:40 Europe/Berlin] PHP Warning:  require_once(model/AdminManager.php): Failed to open stream: No such file or directory in C:\xampp\htdocs\projetweb-test\controller\BackofficeController.php on line 4
[09-Mar-2025 21:28:40 Europe/Berlin] PHP Fatal error:  Uncaught Error: Failed opening required 'model/AdminManager.php' (include_path='C:\xampp\php\PEAR') in C:\xampp\htdocs\projetweb-test\controller\BackofficeController.php:4
Stack trace:
#0 C:\xampp\htdocs\projetweb-test\index.php(18): require_once()
#1 {main}
  thrown in C:\xampp\htdocs\projetweb-test\controller\BackofficeController.php on line 4
[09-Mar-2025 21:28:40 Europe/Berlin] PHP Warning:  require_once(model/AdminManager.php): Failed to open stream: No such file or directory in C:\xampp\htdocs\projetweb-test\controller\BackofficeController.php on line 4
[09-Mar-2025 21:28:40 Europe/Berlin] PHP Fatal error:  Uncaught Error: Failed opening required 'model/AdminManager.php' (include_path='C:\xampp\php\PEAR') in C:\xampp\htdocs\projetweb-test\controller\BackofficeController.php:4
Stack trace:
#0 C:\xampp\htdocs\projetweb-test\index.php(18): require_once()
#1 {main}
  thrown in C:\xampp\htdocs\projetweb-test\controller\BackofficeController.php on line 4
[09-Mar-2025 21:28:40 Europe/Berlin] PHP Warning:  require_once(model/AdminManager.php): Failed to open stream: No such file or directory in C:\xampp\htdocs\projetweb-test\controller\BackofficeController.php on line 4
[09-Mar-2025 21:28:40 Europe/Berlin] PHP Fatal error:  Uncaught Error: Failed opening required 'model/AdminManager.php' (include_path='C:\xampp\php\PEAR') in C:\xampp\htdocs\projetweb-test\controller\BackofficeController.php:4
Stack trace:
#0 C:\xampp\htdocs\projetweb-test\index.php(18): require_once()
#1 {main}
  thrown in C:\xampp\htdocs\projetweb-test\controller\BackofficeController.php on line 4
[09-Mar-2025 21:28:41 Europe/Berlin] PHP Warning:  require_once(model/AdminManager.php): Failed to open stream: No such file or directory in C:\xampp\htdocs\projetweb-test\controller\BackofficeController.php on line 4
[09-Mar-2025 21:28:41 Europe/Berlin] PHP Fatal error:  Uncaught Error: Failed opening required 'model/AdminManager.php' (include_path='C:\xampp\php\PEAR') in C:\xampp\htdocs\projetweb-test\controller\BackofficeController.php:4
Stack trace:
#0 C:\xampp\htdocs\projetweb-test\index.php(18): require_once()
#1 {main}
  thrown in C:\xampp\htdocs\projetweb-test\controller\BackofficeController.php on line 4
[09-Mar-2025 21:28:41 Europe/Berlin] PHP Warning:  require_once(model/AdminManager.php): Failed to open stream: No such file or directory in C:\xampp\htdocs\projetweb-test\controller\BackofficeController.php on line 4
[09-Mar-2025 21:28:41 Europe/Berlin] PHP Fatal error:  Uncaught Error: Failed opening required 'model/AdminManager.php' (include_path='C:\xampp\php\PEAR') in C:\xampp\htdocs\projetweb-test\controller\BackofficeController.php:4
Stack trace:
#0 C:\xampp\htdocs\projetweb-test\index.php(18): require_once()
#1 {main}
  thrown in C:\xampp\htdocs\projetweb-test\controller\BackofficeController.php on line 4
[09-Mar-2025 21:28:42 Europe/Berlin] PHP Warning:  require_once(model/AdminManager.php): Failed to open stream: No such file or directory in C:\xampp\htdocs\projetweb-test\controller\BackofficeController.php on line 4
[09-Mar-2025 21:28:42 Europe/Berlin] PHP Fatal error:  Uncaught Error: Failed opening required 'model/AdminManager.php' (include_path='C:\xampp\php\PEAR') in C:\xampp\htdocs\projetweb-test\controller\BackofficeController.php:4
Stack trace:
#0 C:\xampp\htdocs\projetweb-test\index.php(18): require_once()
#1 {main}
  thrown in C:\xampp\htdocs\projetweb-test\controller\BackofficeController.php on line 4
[09-Mar-2025 21:32:19 Europe/Berlin] PHP Warning:  require_once(model/AdminManager.php): Failed to open stream: No such file or directory in C:\xampp\htdocs\projetweb-test\controller\BackofficeController.php on line 4
[09-Mar-2025 21:32:19 Europe/Berlin] PHP Fatal error:  Uncaught Error: Failed opening required 'model/AdminManager.php' (include_path='C:\xampp\php\PEAR') in C:\xampp\htdocs\projetweb-test\controller\BackofficeController.php:4
Stack trace:
#0 C:\xampp\htdocs\projetweb-test\index.php(18): require_once()
#1 {main}
  thrown in C:\xampp\htdocs\projetweb-test\controller\BackofficeController.php on line 4
[09-Mar-2025 21:32:20 Europe/Berlin] PHP Warning:  require_once(model/AdminManager.php): Failed to open stream: No such file or directory in C:\xampp\htdocs\projetweb-test\controller\BackofficeController.php on line 4
[09-Mar-2025 21:32:20 Europe/Berlin] PHP Fatal error:  Uncaught Error: Failed opening required 'model/AdminManager.php' (include_path='C:\xampp\php\PEAR') in C:\xampp\htdocs\projetweb-test\controller\BackofficeController.php:4
Stack trace:
#0 C:\xampp\htdocs\projetweb-test\index.php(18): require_once()
#1 {main}
  thrown in C:\xampp\htdocs\projetweb-test\controller\BackofficeController.php on line 4
[09-Mar-2025 21:32:20 Europe/Berlin] PHP Warning:  require_once(model/AdminManager.php): Failed to open stream: No such file or directory in C:\xampp\htdocs\projetweb-test\controller\BackofficeController.php on line 4
[09-Mar-2025 21:32:20 Europe/Berlin] PHP Fatal error:  Uncaught Error: Failed opening required 'model/AdminManager.php' (include_path='C:\xampp\php\PEAR') in C:\xampp\htdocs\projetweb-test\controller\BackofficeController.php:4
Stack trace:
#0 C:\xampp\htdocs\projetweb-test\index.php(18): require_once()
#1 {main}
  thrown in C:\xampp\htdocs\projetweb-test\controller\BackofficeController.php on line 4
[09-Mar-2025 21:32:20 Europe/Berlin] PHP Warning:  require_once(model/AdminManager.php): Failed to open stream: No such file or directory in C:\xampp\htdocs\projetweb-test\controller\BackofficeController.php on line 4
[09-Mar-2025 21:32:20 Europe/Berlin] PHP Fatal error:  Uncaught Error: Failed opening required 'model/AdminManager.php' (include_path='C:\xampp\php\PEAR') in C:\xampp\htdocs\projetweb-test\controller\BackofficeController.php:4
Stack trace:
#0 C:\xampp\htdocs\projetweb-test\index.php(18): require_once()
#1 {main}
  thrown in C:\xampp\htdocs\projetweb-test\controller\BackofficeController.php on line 4
[09-Mar-2025 21:33:55 Europe/Berlin] PHP Warning:  require_once(model/AdminManager.php): Failed to open stream: No such file or directory in C:\xampp\htdocs\projetweb-test\controller\BackofficeController.php on line 4
[09-Mar-2025 21:33:55 Europe/Berlin] PHP Fatal error:  Uncaught Error: Failed opening required 'model/AdminManager.php' (include_path='C:\xampp\php\PEAR') in C:\xampp\htdocs\projetweb-test\controller\BackofficeController.php:4
Stack trace:
#0 C:\xampp\htdocs\projetweb-test\index.php(18): require_once()
#1 {main}
  thrown in C:\xampp\htdocs\projetweb-test\controller\BackofficeController.php on line 4
[09-Mar-2025 21:44:00 Europe/Berlin] PHP Fatal error:  Uncaught Error: Call to undefined method Admin::getNom() in C:\xampp\htdocs\projetweb-test\view\backoffice\admin_list.php:43
Stack trace:
#0 C:\xampp\htdocs\projetweb-test\controller\BackofficeController.php(73): require_once()
#1 C:\xampp\htdocs\projetweb-test\index.php(183): BackofficeController->adminList()
#2 {main}
  thrown in C:\xampp\htdocs\projetweb-test\view\backoffice\admin_list.php on line 43
[09-Mar-2025 21:44:06 Europe/Berlin] PHP Fatal error:  Uncaught Error: Call to undefined method Admin::getNom() in C:\xampp\htdocs\projetweb-test\view\backoffice\admin_list.php:43
Stack trace:
#0 C:\xampp\htdocs\projetweb-test\controller\BackofficeController.php(73): require_once()
#1 C:\xampp\htdocs\projetweb-test\index.php(183): BackofficeController->adminList()
#2 {main}
  thrown in C:\xampp\htdocs\projetweb-test\view\backoffice\admin_list.php on line 43
[09-Mar-2025 21:44:52 Europe/Berlin] PHP Fatal error:  Uncaught Error: Call to undefined method Admin::getNom() in C:\xampp\htdocs\projetweb-test\view\backoffice\admin_list.php:43
Stack trace:
#0 C:\xampp\htdocs\projetweb-test\controller\BackofficeController.php(73): require_once()
#1 C:\xampp\htdocs\projetweb-test\index.php(183): BackofficeController->adminList()
#2 {main}
  thrown in C:\xampp\htdocs\projetweb-test\view\backoffice\admin_list.php on line 43
[09-Mar-2025 21:45:36 Europe/Berlin] PHP Fatal error:  Uncaught Error: Call to undefined method Adhesion::getDateAdhesion() in C:\xampp\htdocs\projetweb-test\view\backoffice\adhesion_list.php:46
Stack trace:
#0 C:\xampp\htdocs\projetweb-test\controller\BackofficeController.php(321): require_once()
#1 C:\xampp\htdocs\projetweb-test\index.php(219): BackofficeController->adhesionList()
#2 {main}
  thrown in C:\xampp\htdocs\projetweb-test\view\backoffice\adhesion_list.php on line 46
[09-Mar-2025 21:45:39 Europe/Berlin] PHP Fatal error:  Uncaught Error: Call to undefined method Adhesion::getDateAdhesion() in C:\xampp\htdocs\projetweb-test\view\backoffice\adhesion_list.php:46
Stack trace:
#0 C:\xampp\htdocs\projetweb-test\controller\BackofficeController.php(321): require_once()
#1 C:\xampp\htdocs\projetweb-test\index.php(219): BackofficeController->adhesionList()
#2 {main}
  thrown in C:\xampp\htdocs\projetweb-test\view\backoffice\adhesion_list.php on line 46
[09-Mar-2025 21:45:40 Europe/Berlin] PHP Fatal error:  Uncaught Error: Call to undefined method Admin::getNom() in C:\xampp\htdocs\projetweb-test\view\backoffice\admin_list.php:43
Stack trace:
#0 C:\xampp\htdocs\projetweb-test\controller\BackofficeController.php(73): require_once()
#1 C:\xampp\htdocs\projetweb-test\index.php(183): BackofficeController->adminList()
#2 {main}
  thrown in C:\xampp\htdocs\projetweb-test\view\backoffice\admin_list.php on line 43
[09-Mar-2025 21:45:42 Europe/Berlin] PHP Fatal error:  Uncaught Error: Call to undefined method Admin::getNom() in C:\xampp\htdocs\projetweb-test\view\backoffice\admin_list.php:43
Stack trace:
#0 C:\xampp\htdocs\projetweb-test\controller\BackofficeController.php(73): require_once()
#1 C:\xampp\htdocs\projetweb-test\index.php(183): BackofficeController->adminList()
#2 {main}
  thrown in C:\xampp\htdocs\projetweb-test\view\backoffice\admin_list.php on line 43
[09-Mar-2025 21:55:13 Europe/Berlin] PHP Fatal error:  Uncaught Error: Call to undefined method Admin::getNom() in C:\xampp\htdocs\projetweb-test\view\backoffice\admin_list.php:43
Stack trace:
#0 C:\xampp\htdocs\projetweb-test\controller\BackofficeController.php(73): require_once()
#1 C:\xampp\htdocs\projetweb-test\index.php(183): BackofficeController->adminList()
#2 {main}
  thrown in C:\xampp\htdocs\projetweb-test\view\backoffice\admin_list.php on line 43
[09-Mar-2025 21:57:28 Europe/Berlin] PHP Fatal error:  Uncaught Error: Call to undefined method Admin::getNom() in C:\xampp\htdocs\projetweb-test\view\backoffice\admin_list.php:43
Stack trace:
#0 C:\xampp\htdocs\projetweb-test\controller\BackofficeController.php(73): require_once()
#1 C:\xampp\htdocs\projetweb-test\index.php(183): BackofficeController->adminList()
#2 {main}
  thrown in C:\xampp\htdocs\projetweb-test\view\backoffice\admin_list.php on line 43
[09-Mar-2025 21:58:14 Europe/Berlin] PHP Warning:  Undefined variable $tauxAcceptationGlobal in C:\xampp\htdocs\projetweb-test\view\backoffice\dashboard.php on line 69
[09-Mar-2025 21:58:14 Europe/Berlin] PHP Deprecated:  round(): Passing null to parameter #1 ($num) of type int|float is deprecated in C:\xampp\htdocs\projetweb-test\view\backoffice\dashboard.php on line 69
[09-Mar-2025 21:58:14 Europe/Berlin] PHP Warning:  Undefined variable $tauxAcceptationGlobal in C:\xampp\htdocs\projetweb-test\view\backoffice\dashboard.php on line 70
[09-Mar-2025 21:58:14 Europe/Berlin] PHP Deprecated:  round(): Passing null to parameter #1 ($num) of type int|float is deprecated in C:\xampp\htdocs\projetweb-test\view\backoffice\dashboard.php on line 70
[09-Mar-2025 21:58:14 Europe/Berlin] PHP Warning:  Undefined variable $tauxAcceptationGlobal in C:\xampp\htdocs\projetweb-test\view\backoffice\dashboard.php on line 72
[09-Mar-2025 21:58:14 Europe/Berlin] PHP Deprecated:  round(): Passing null to parameter #1 ($num) of type int|float is deprecated in C:\xampp\htdocs\projetweb-test\view\backoffice\dashboard.php on line 72
[09-Mar-2025 21:58:14 Europe/Berlin] PHP Warning:  Undefined variable $repartitionRoles in C:\xampp\htdocs\projetweb-test\view\backoffice\dashboard.php on line 79
[09-Mar-2025 21:58:14 Europe/Berlin] PHP Warning:  foreach() argument must be of type array|object, null given in C:\xampp\htdocs\projetweb-test\view\backoffice\dashboard.php on line 79
[09-Mar-2025 21:59:21 Europe/Berlin] PHP Fatal error:  Uncaught Error: Call to undefined method Admin::getNom() in C:\xampp\htdocs\projetweb-test\view\backoffice\admin_list.php:43
Stack trace:
#0 C:\xampp\htdocs\projetweb-test\controller\BackofficeController.php(73): require_once()
#1 C:\xampp\htdocs\projetweb-test\index.php(183): BackofficeController->adminList()
#2 {main}
  thrown in C:\xampp\htdocs\projetweb-test\view\backoffice\admin_list.php on line 43
[09-Mar-2025 22:01:19 Europe/Berlin] PHP Fatal error:  Uncaught Error: Call to undefined method Admin::getNom() in C:\xampp\htdocs\projetweb-test\view\backoffice\admin_list.php:51
Stack trace:
#0 C:\xampp\htdocs\projetweb-test\controller\BackofficeController.php(73): require_once()
#1 C:\xampp\htdocs\projetweb-test\index.php(183): BackofficeController->adminList()
#2 {main}
  thrown in C:\xampp\htdocs\projetweb-test\view\backoffice\admin_list.php on line 51
[09-Mar-2025 22:06:00 Europe/Berlin] PHP Fatal error:  Uncaught Error: Call to undefined method Adhesion::getDateAdhesion() in C:\xampp\htdocs\projetweb-test\view\backoffice\adhesion_list.php:46
Stack trace:
#0 C:\xampp\htdocs\projetweb-test\controller\BackofficeController.php(321): require_once()
#1 C:\xampp\htdocs\projetweb-test\index.php(219): BackofficeController->adhesionList()
#2 {main}
  thrown in C:\xampp\htdocs\projetweb-test\view\backoffice\adhesion_list.php on line 46
[09-Mar-2025 22:06:04 Europe/Berlin] PHP Fatal error:  Uncaught Error: Call to undefined method Adhesion::getDateAdhesion() in C:\xampp\htdocs\projetweb-test\view\backoffice\adhesion_list.php:46
Stack trace:
#0 C:\xampp\htdocs\projetweb-test\controller\BackofficeController.php(321): require_once()
#1 C:\xampp\htdocs\projetweb-test\index.php(219): BackofficeController->adhesionList()
#2 {main}
  thrown in C:\xampp\htdocs\projetweb-test\view\backoffice\adhesion_list.php on line 46
[09-Mar-2025 22:07:43 Europe/Berlin] PHP Warning:  Undefined variable $tauxAcceptationGlobal in C:\xampp\htdocs\projetweb-test\view\backoffice\dashboard.php on line 69
[09-Mar-2025 22:07:43 Europe/Berlin] PHP Deprecated:  round(): Passing null to parameter #1 ($num) of type int|float is deprecated in C:\xampp\htdocs\projetweb-test\view\backoffice\dashboard.php on line 69
[09-Mar-2025 22:07:43 Europe/Berlin] PHP Warning:  Undefined variable $tauxAcceptationGlobal in C:\xampp\htdocs\projetweb-test\view\backoffice\dashboard.php on line 70
[09-Mar-2025 22:07:43 Europe/Berlin] PHP Deprecated:  round(): Passing null to parameter #1 ($num) of type int|float is deprecated in C:\xampp\htdocs\projetweb-test\view\backoffice\dashboard.php on line 70
[09-Mar-2025 22:07:43 Europe/Berlin] PHP Warning:  Undefined variable $tauxAcceptationGlobal in C:\xampp\htdocs\projetweb-test\view\backoffice\dashboard.php on line 72
[09-Mar-2025 22:07:43 Europe/Berlin] PHP Deprecated:  round(): Passing null to parameter #1 ($num) of type int|float is deprecated in C:\xampp\htdocs\projetweb-test\view\backoffice\dashboard.php on line 72
[09-Mar-2025 22:07:43 Europe/Berlin] PHP Warning:  Undefined variable $repartitionRoles in C:\xampp\htdocs\projetweb-test\view\backoffice\dashboard.php on line 79
[09-Mar-2025 22:07:43 Europe/Berlin] PHP Warning:  foreach() argument must be of type array|object, null given in C:\xampp\htdocs\projetweb-test\view\backoffice\dashboard.php on line 79
[09-Mar-2025 22:10:22 Europe/Berlin] PHP Warning:  Undefined variable $tauxAcceptationGlobal in C:\xampp\htdocs\projetweb-test\view\backoffice\dashboard.php on line 69
[09-Mar-2025 22:10:22 Europe/Berlin] PHP Deprecated:  round(): Passing null to parameter #1 ($num) of type int|float is deprecated in C:\xampp\htdocs\projetweb-test\view\backoffice\dashboard.php on line 69
[09-Mar-2025 22:10:22 Europe/Berlin] PHP Warning:  Undefined variable $tauxAcceptationGlobal in C:\xampp\htdocs\projetweb-test\view\backoffice\dashboard.php on line 70
[09-Mar-2025 22:10:22 Europe/Berlin] PHP Deprecated:  round(): Passing null to parameter #1 ($num) of type int|float is deprecated in C:\xampp\htdocs\projetweb-test\view\backoffice\dashboard.php on line 70
[09-Mar-2025 22:10:22 Europe/Berlin] PHP Warning:  Undefined variable $tauxAcceptationGlobal in C:\xampp\htdocs\projetweb-test\view\backoffice\dashboard.php on line 72
[09-Mar-2025 22:10:22 Europe/Berlin] PHP Deprecated:  round(): Passing null to parameter #1 ($num) of type int|float is deprecated in C:\xampp\htdocs\projetweb-test\view\backoffice\dashboard.php on line 72
[09-Mar-2025 22:10:22 Europe/Berlin] PHP Warning:  Undefined variable $repartitionRoles in C:\xampp\htdocs\projetweb-test\view\backoffice\dashboard.php on line 79
[09-Mar-2025 22:10:22 Europe/Berlin] PHP Warning:  foreach() argument must be of type array|object, null given in C:\xampp\htdocs\projetweb-test\view\backoffice\dashboard.php on line 79
[09-Mar-2025 22:10:27 Europe/Berlin] PHP Warning:  Undefined variable $tauxAcceptationGlobal in C:\xampp\htdocs\projetweb-test\view\backoffice\dashboard.php on line 69
[09-Mar-2025 22:10:27 Europe/Berlin] PHP Deprecated:  round(): Passing null to parameter #1 ($num) of type int|float is deprecated in C:\xampp\htdocs\projetweb-test\view\backoffice\dashboard.php on line 69
[09-Mar-2025 22:10:27 Europe/Berlin] PHP Warning:  Undefined variable $tauxAcceptationGlobal in C:\xampp\htdocs\projetweb-test\view\backoffice\dashboard.php on line 70
[09-Mar-2025 22:10:27 Europe/Berlin] PHP Deprecated:  round(): Passing null to parameter #1 ($num) of type int|float is deprecated in C:\xampp\htdocs\projetweb-test\view\backoffice\dashboard.php on line 70
[09-Mar-2025 22:10:27 Europe/Berlin] PHP Warning:  Undefined variable $tauxAcceptationGlobal in C:\xampp\htdocs\projetweb-test\view\backoffice\dashboard.php on line 72
[09-Mar-2025 22:10:27 Europe/Berlin] PHP Deprecated:  round(): Passing null to parameter #1 ($num) of type int|float is deprecated in C:\xampp\htdocs\projetweb-test\view\backoffice\dashboard.php on line 72
[09-Mar-2025 22:10:27 Europe/Berlin] PHP Warning:  Undefined variable $repartitionRoles in C:\xampp\htdocs\projetweb-test\view\backoffice\dashboard.php on line 79
[09-Mar-2025 22:10:27 Europe/Berlin] PHP Warning:  foreach() argument must be of type array|object, null given in C:\xampp\htdocs\projetweb-test\view\backoffice\dashboard.php on line 79
[09-Mar-2025 22:11:09 Europe/Berlin] PHP Warning:  Undefined variable $tauxAcceptationGlobal in C:\xampp\htdocs\projetweb-test\view\backoffice\dashboard.php on line 69
[09-Mar-2025 22:11:09 Europe/Berlin] PHP Deprecated:  round(): Passing null to parameter #1 ($num) of type int|float is deprecated in C:\xampp\htdocs\projetweb-test\view\backoffice\dashboard.php on line 69
[09-Mar-2025 22:11:09 Europe/Berlin] PHP Warning:  Undefined variable $tauxAcceptationGlobal in C:\xampp\htdocs\projetweb-test\view\backoffice\dashboard.php on line 70
[09-Mar-2025 22:11:09 Europe/Berlin] PHP Deprecated:  round(): Passing null to parameter #1 ($num) of type int|float is deprecated in C:\xampp\htdocs\projetweb-test\view\backoffice\dashboard.php on line 70
[09-Mar-2025 22:11:09 Europe/Berlin] PHP Warning:  Undefined variable $tauxAcceptationGlobal in C:\xampp\htdocs\projetweb-test\view\backoffice\dashboard.php on line 72
[09-Mar-2025 22:11:09 Europe/Berlin] PHP Deprecated:  round(): Passing null to parameter #1 ($num) of type int|float is deprecated in C:\xampp\htdocs\projetweb-test\view\backoffice\dashboard.php on line 72
[09-Mar-2025 22:11:09 Europe/Berlin] PHP Warning:  Undefined variable $repartitionRoles in C:\xampp\htdocs\projetweb-test\view\backoffice\dashboard.php on line 79
[09-Mar-2025 22:11:09 Europe/Berlin] PHP Warning:  foreach() argument must be of type array|object, null given in C:\xampp\htdocs\projetweb-test\view\backoffice\dashboard.php on line 79
[09-Mar-2025 22:18:34 Europe/Berlin] PHP Warning:  Undefined variable $tauxAcceptationGlobal in C:\xampp\htdocs\projetweb-test\view\backoffice\dashboard.php on line 69
[09-Mar-2025 22:18:34 Europe/Berlin] PHP Deprecated:  round(): Passing null to parameter #1 ($num) of type int|float is deprecated in C:\xampp\htdocs\projetweb-test\view\backoffice\dashboard.php on line 69
[09-Mar-2025 22:18:34 Europe/Berlin] PHP Warning:  Undefined variable $tauxAcceptationGlobal in C:\xampp\htdocs\projetweb-test\view\backoffice\dashboard.php on line 70
[09-Mar-2025 22:18:34 Europe/Berlin] PHP Deprecated:  round(): Passing null to parameter #1 ($num) of type int|float is deprecated in C:\xampp\htdocs\projetweb-test\view\backoffice\dashboard.php on line 70
[09-Mar-2025 22:18:34 Europe/Berlin] PHP Warning:  Undefined variable $tauxAcceptationGlobal in C:\xampp\htdocs\projetweb-test\view\backoffice\dashboard.php on line 72
[09-Mar-2025 22:18:34 Europe/Berlin] PHP Deprecated:  round(): Passing null to parameter #1 ($num) of type int|float is deprecated in C:\xampp\htdocs\projetweb-test\view\backoffice\dashboard.php on line 72
[09-Mar-2025 22:18:34 Europe/Berlin] PHP Warning:  Undefined variable $repartitionRoles in C:\xampp\htdocs\projetweb-test\view\backoffice\dashboard.php on line 79
[09-Mar-2025 22:18:34 Europe/Berlin] PHP Warning:  foreach() argument must be of type array|object, null given in C:\xampp\htdocs\projetweb-test\view\backoffice\dashboard.php on line 79
[09-Mar-2025 22:26:47 Europe/Berlin] PHP Deprecated:  Constant FILTER_SANITIZE_STRING is deprecated in C:\xampp\htdocs\projetweb-test\controller\ClubController.php on line 28
[09-Mar-2025 22:26:47 Europe/Berlin] PHP Deprecated:  Constant FILTER_SANITIZE_STRING is deprecated in C:\xampp\htdocs\projetweb-test\controller\ClubController.php on line 29
[09-Mar-2025 22:26:47 Europe/Berlin] PHP Deprecated:  Constant FILTER_SANITIZE_STRING is deprecated in C:\xampp\htdocs\projetweb-test\controller\ClubController.php on line 30
[09-Mar-2025 22:26:47 Europe/Berlin] PHP Deprecated:  Constant FILTER_SANITIZE_STRING is deprecated in C:\xampp\htdocs\projetweb-test\controller\ClubController.php on line 31
[09-Mar-2025 22:26:47 Europe/Berlin] PHP Deprecated:  Constant FILTER_SANITIZE_STRING is deprecated in C:\xampp\htdocs\projetweb-test\controller\ClubController.php on line 32
[09-Mar-2025 22:26:56 Europe/Berlin] PHP Deprecated:  Constant FILTER_SANITIZE_STRING is deprecated in C:\xampp\htdocs\projetweb-test\controller\ClubController.php on line 28
[09-Mar-2025 22:26:56 Europe/Berlin] PHP Deprecated:  Constant FILTER_SANITIZE_STRING is deprecated in C:\xampp\htdocs\projetweb-test\controller\ClubController.php on line 29
[09-Mar-2025 22:26:56 Europe/Berlin] PHP Deprecated:  Constant FILTER_SANITIZE_STRING is deprecated in C:\xampp\htdocs\projetweb-test\controller\ClubController.php on line 30
[09-Mar-2025 22:26:56 Europe/Berlin] PHP Deprecated:  Constant FILTER_SANITIZE_STRING is deprecated in C:\xampp\htdocs\projetweb-test\controller\ClubController.php on line 31
[09-Mar-2025 22:26:56 Europe/Berlin] PHP Deprecated:  Constant FILTER_SANITIZE_STRING is deprecated in C:\xampp\htdocs\projetweb-test\controller\ClubController.php on line 32
[09-Mar-2025 22:28:44 Europe/Berlin] PHP Deprecated:  Constant FILTER_SANITIZE_STRING is deprecated in C:\xampp\htdocs\projetweb-test\controller\ClubController.php on line 28
[09-Mar-2025 22:28:44 Europe/Berlin] PHP Deprecated:  Constant FILTER_SANITIZE_STRING is deprecated in C:\xampp\htdocs\projetweb-test\controller\ClubController.php on line 29
[09-Mar-2025 22:28:44 Europe/Berlin] PHP Deprecated:  Constant FILTER_SANITIZE_STRING is deprecated in C:\xampp\htdocs\projetweb-test\controller\ClubController.php on line 30
[09-Mar-2025 22:28:44 Europe/Berlin] PHP Deprecated:  Constant FILTER_SANITIZE_STRING is deprecated in C:\xampp\htdocs\projetweb-test\controller\ClubController.php on line 31
[09-Mar-2025 22:28:44 Europe/Berlin] PHP Deprecated:  Constant FILTER_SANITIZE_STRING is deprecated in C:\xampp\htdocs\projetweb-test\controller\ClubController.php on line 32
[09-Mar-2025 22:28:56 Europe/Berlin] PHP Warning:  Undefined variable $membre in C:\xampp\htdocs\projetweb-test\view\backoffice\membre_create.php on line 25
[09-Mar-2025 22:28:56 Europe/Berlin] PHP Fatal error:  Uncaught Error: Call to a member function getIdMembre() on null in C:\xampp\htdocs\projetweb-test\view\backoffice\membre_create.php:25
Stack trace:
#0 C:\xampp\htdocs\projetweb-test\controller\BackofficeController.php(446): require_once()
#1 C:\xampp\htdocs\projetweb-test\index.php(234): BackofficeController->membreCreate()
#2 {main}
  thrown in C:\xampp\htdocs\projetweb-test\view\backoffice\membre_create.php on line 25
[09-Mar-2025 22:29:08 Europe/Berlin] PHP Warning:  Undefined variable $tauxAcceptationGlobal in C:\xampp\htdocs\projetweb-test\view\backoffice\dashboard.php on line 69
[09-Mar-2025 22:29:08 Europe/Berlin] PHP Deprecated:  round(): Passing null to parameter #1 ($num) of type int|float is deprecated in C:\xampp\htdocs\projetweb-test\view\backoffice\dashboard.php on line 69
[09-Mar-2025 22:29:08 Europe/Berlin] PHP Warning:  Undefined variable $tauxAcceptationGlobal in C:\xampp\htdocs\projetweb-test\view\backoffice\dashboard.php on line 70
[09-Mar-2025 22:29:08 Europe/Berlin] PHP Deprecated:  round(): Passing null to parameter #1 ($num) of type int|float is deprecated in C:\xampp\htdocs\projetweb-test\view\backoffice\dashboard.php on line 70
[09-Mar-2025 22:29:08 Europe/Berlin] PHP Warning:  Undefined variable $tauxAcceptationGlobal in C:\xampp\htdocs\projetweb-test\view\backoffice\dashboard.php on line 72
[09-Mar-2025 22:29:08 Europe/Berlin] PHP Deprecated:  round(): Passing null to parameter #1 ($num) of type int|float is deprecated in C:\xampp\htdocs\projetweb-test\view\backoffice\dashboard.php on line 72
[09-Mar-2025 22:29:08 Europe/Berlin] PHP Warning:  Undefined variable $repartitionRoles in C:\xampp\htdocs\projetweb-test\view\backoffice\dashboard.php on line 79
[09-Mar-2025 22:29:08 Europe/Berlin] PHP Warning:  foreach() argument must be of type array|object, null given in C:\xampp\htdocs\projetweb-test\view\backoffice\dashboard.php on line 79
[09-Mar-2025 22:29:29 Europe/Berlin] PHP Deprecated:  Constant FILTER_SANITIZE_STRING is deprecated in C:\xampp\htdocs\projetweb-test\controller\ClubController.php on line 80
[09-Mar-2025 22:29:29 Europe/Berlin] PHP Deprecated:  Constant FILTER_SANITIZE_STRING is deprecated in C:\xampp\htdocs\projetweb-test\controller\ClubController.php on line 81
[09-Mar-2025 22:29:29 Europe/Berlin] PHP Deprecated:  Constant FILTER_SANITIZE_STRING is deprecated in C:\xampp\htdocs\projetweb-test\controller\ClubController.php on line 82
[09-Mar-2025 22:29:29 Europe/Berlin] PHP Deprecated:  Constant FILTER_SANITIZE_STRING is deprecated in C:\xampp\htdocs\projetweb-test\controller\ClubController.php on line 83
[09-Mar-2025 22:29:29 Europe/Berlin] PHP Deprecated:  Constant FILTER_SANITIZE_STRING is deprecated in C:\xampp\htdocs\projetweb-test\controller\ClubController.php on line 84
[09-Mar-2025 22:29:51 Europe/Berlin] PHP Deprecated:  Constant FILTER_SANITIZE_STRING is deprecated in C:\xampp\htdocs\projetweb-test\controller\ClubController.php on line 28
[09-Mar-2025 22:29:51 Europe/Berlin] PHP Deprecated:  Constant FILTER_SANITIZE_STRING is deprecated in C:\xampp\htdocs\projetweb-test\controller\ClubController.php on line 29
[09-Mar-2025 22:29:51 Europe/Berlin] PHP Deprecated:  Constant FILTER_SANITIZE_STRING is deprecated in C:\xampp\htdocs\projetweb-test\controller\ClubController.php on line 30
[09-Mar-2025 22:29:51 Europe/Berlin] PHP Deprecated:  Constant FILTER_SANITIZE_STRING is deprecated in C:\xampp\htdocs\projetweb-test\controller\ClubController.php on line 31
[09-Mar-2025 22:29:51 Europe/Berlin] PHP Deprecated:  Constant FILTER_SANITIZE_STRING is deprecated in C:\xampp\htdocs\projetweb-test\controller\ClubController.php on line 32
[09-Mar-2025 22:39:12 Europe/Berlin] PHP Warning:  Undefined variable $tauxAcceptationGlobal in C:\xampp\htdocs\projetweb-test\view\backoffice\dashboard.php on line 69
[09-Mar-2025 22:39:12 Europe/Berlin] PHP Deprecated:  round(): Passing null to parameter #1 ($num) of type int|float is deprecated in C:\xampp\htdocs\projetweb-test\view\backoffice\dashboard.php on line 69
[09-Mar-2025 22:39:12 Europe/Berlin] PHP Warning:  Undefined variable $tauxAcceptationGlobal in C:\xampp\htdocs\projetweb-test\view\backoffice\dashboard.php on line 70
[09-Mar-2025 22:39:12 Europe/Berlin] PHP Deprecated:  round(): Passing null to parameter #1 ($num) of type int|float is deprecated in C:\xampp\htdocs\projetweb-test\view\backoffice\dashboard.php on line 70
[09-Mar-2025 22:39:12 Europe/Berlin] PHP Warning:  Undefined variable $tauxAcceptationGlobal in C:\xampp\htdocs\projetweb-test\view\backoffice\dashboard.php on line 72
[09-Mar-2025 22:39:12 Europe/Berlin] PHP Deprecated:  round(): Passing null to parameter #1 ($num) of type int|float is deprecated in C:\xampp\htdocs\projetweb-test\view\backoffice\dashboard.php on line 72
[09-Mar-2025 22:39:12 Europe/Berlin] PHP Warning:  Undefined variable $repartitionRoles in C:\xampp\htdocs\projetweb-test\view\backoffice\dashboard.php on line 79
[09-Mar-2025 22:39:12 Europe/Berlin] PHP Warning:  foreach() argument must be of type array|object, null given in C:\xampp\htdocs\projetweb-test\view\backoffice\dashboard.php on line 79
[09-Mar-2025 22:43:49 Europe/Berlin] PHP Warning:  Undefined variable $tauxAcceptationGlobal in C:\xampp\htdocs\projetweb-test\view\backoffice\dashboard.php on line 63
[09-Mar-2025 22:43:49 Europe/Berlin] PHP Deprecated:  round(): Passing null to parameter #1 ($num) of type int|float is deprecated in C:\xampp\htdocs\projetweb-test\view\backoffice\dashboard.php on line 63
[09-Mar-2025 22:43:49 Europe/Berlin] PHP Warning:  Undefined variable $tauxAcceptationGlobal in C:\xampp\htdocs\projetweb-test\view\backoffice\dashboard.php on line 64
[09-Mar-2025 22:43:49 Europe/Berlin] PHP Deprecated:  round(): Passing null to parameter #1 ($num) of type int|float is deprecated in C:\xampp\htdocs\projetweb-test\view\backoffice\dashboard.php on line 64
[09-Mar-2025 22:43:49 Europe/Berlin] PHP Warning:  Undefined variable $tauxAcceptationGlobal in C:\xampp\htdocs\projetweb-test\view\backoffice\dashboard.php on line 66
[09-Mar-2025 22:43:49 Europe/Berlin] PHP Deprecated:  round(): Passing null to parameter #1 ($num) of type int|float is deprecated in C:\xampp\htdocs\projetweb-test\view\backoffice\dashboard.php on line 66
[09-Mar-2025 22:43:49 Europe/Berlin] PHP Warning:  Undefined variable $repartitionRoles in C:\xampp\htdocs\projetweb-test\view\backoffice\dashboard.php on line 77
[09-Mar-2025 22:43:49 Europe/Berlin] PHP Warning:  foreach() argument must be of type array|object, null given in C:\xampp\htdocs\projetweb-test\view\backoffice\dashboard.php on line 77
